# Logfile created on 2017-08-03 22:45:36 +0300 by logger.rb/47272
2017-08-03T19:45:38.808Z 4025 TID-26z6g INFO: Booting Sidekiq 4.2.9 with redis options {:url=>"redis://localhost:6379/0"}
2017-08-03T19:45:39.072Z 4025 TID-26z6g INFO: Running in ruby 2.2.2p95 (2015-04-13 revision 50295) [x86_64-linux]
2017-08-03T19:45:39.072Z 4025 TID-26z6g INFO: See LICENSE and the LGPL-3.0 for licensing details.
2017-08-03T19:45:39.072Z 4025 TID-26z6g INFO: Upgrade to Sidekiq Pro for more features and support: http://sidekiq.org
2017-08-03T19:45:39.241Z 4025 TID-j89mw ScanSitesWorker JID-dab61da552764b4fea02339a INFO: start
2017-08-03T19:45:39.979Z 4025 TID-j89mw ScanSitesWorker JID-dab61da552764b4fea02339a INFO: fail: 0.738 sec
2017-08-03T19:45:39.981Z 4025 TID-j89mw WARN: {"context":"Job raised exception","job":{"class":"ScanSitesWorker","args":["yandex",8],"retry":true,"queue":"default","jid":"dab61da552764b4fea02339a","created_at":1501789478.3419719,"enqueued_at":1501789478.3434682,"error_message":"undefined local variable or method `full_url' for ScanPhoneEmailService:Module","error_class":"NameError","failed_at":1501789539.9752316,"retry_count":0},"jobstr":"{\"class\":\"ScanSitesWorker\",\"args\":[\"yandex\",8],\"retry\":true,\"queue\":\"default\",\"jid\":\"dab61da552764b4fea02339a\",\"created_at\":1501789478.3419719,\"enqueued_at\":1501789478.3434682}"}
2017-08-03T19:45:39.981Z 4025 TID-j89mw WARN: NameError: undefined local variable or method `full_url' for ScanPhoneEmailService:Module
2017-08-03T19:45:39.981Z 4025 TID-j89mw WARN: /usr/local/market_tools/mt/app/services/scan_phone_email_service.rb:20:in `rescue in find_email_on_site'
/usr/local/market_tools/mt/app/services/scan_phone_email_service.rb:14:in `find_email_on_site'
/usr/local/market_tools/mt/app/services/scan_phone_email_service.rb:7:in `block in call'
/usr/local/rvm/gems/ruby-2.2.2/gems/activerecord-5.0.4/lib/active_record/relation/batches.rb:59:in `block (2 levels) in find_each'
/usr/local/rvm/gems/ruby-2.2.2/gems/activerecord-5.0.4/lib/active_record/relation/batches.rb:59:in `each'
/usr/local/rvm/gems/ruby-2.2.2/gems/activerecord-5.0.4/lib/active_record/relation/batches.rb:59:in `block in find_each'
/usr/local/rvm/gems/ruby-2.2.2/gems/activerecord-5.0.4/lib/active_record/relation/batches.rb:121:in `block in find_in_batches'
/usr/local/rvm/gems/ruby-2.2.2/gems/activerecord-5.0.4/lib/active_record/relation/batches.rb:214:in `block in in_batches'
/usr/local/rvm/gems/ruby-2.2.2/gems/activerecord-5.0.4/lib/active_record/relation/batches.rb:198:in `loop'
/usr/local/rvm/gems/ruby-2.2.2/gems/activerecord-5.0.4/lib/active_record/relation/batches.rb:198:in `in_batches'
/usr/local/rvm/gems/ruby-2.2.2/gems/activerecord-5.0.4/lib/active_record/relation/batches.rb:120:in `find_in_batches'
/usr/local/rvm/gems/ruby-2.2.2/gems/activerecord-5.0.4/lib/active_record/relation/batches.rb:58:in `find_each'
/usr/local/market_tools/mt/app/services/scan_phone_email_service.rb:6:in `call'
/usr/local/market_tools/mt/app/workers/scan_sites_worker.rb:5:in `perform'
/usr/local/rvm/gems/ruby-2.2.2/gems/sidekiq-4.2.9/lib/sidekiq/processor.rb:158:in `execute_job'
/usr/local/rvm/gems/ruby-2.2.2/gems/sidekiq-4.2.9/lib/sidekiq/processor.rb:138:in `block (4 levels) in process'
/usr/local/rvm/gems/ruby-2.2.2/gems/sidekiq-4.2.9/lib/sidekiq.rb:36:in `call'
/usr/local/rvm/gems/ruby-2.2.2/gems/sidekiq-4.2.9/lib/sidekiq.rb:36:in `block in <module:Sidekiq>'
/usr/local/rvm/gems/ruby-2.2.2/gems/sidekiq-4.2.9/lib/sidekiq/processor.rb:133:in `call'
/usr/local/rvm/gems/ruby-2.2.2/gems/sidekiq-4.2.9/lib/sidekiq/processor.rb:133:in `block (3 levels) in process'
/usr/local/rvm/gems/ruby-2.2.2/gems/sidekiq-4.2.9/lib/sidekiq/middleware/chain.rb:128:in `block in invoke'
/usr/local/rvm/gems/ruby-2.2.2/gems/sidekiq-4.2.9/lib/sidekiq/middleware/server/retry_jobs.rb:74:in `call'
/usr/local/rvm/gems/ruby-2.2.2/gems/sidekiq-4.2.9/lib/sidekiq/middleware/chain.rb:130:in `block in invoke'
/usr/local/rvm/gems/ruby-2.2.2/gems/sidekiq-4.2.9/lib/sidekiq/middleware/server/logging.rb:11:in `block in call'
/usr/local/rvm/gems/ruby-2.2.2/gems/sidekiq-4.2.9/lib/sidekiq/logging.rb:32:in `with_context'
/usr/local/rvm/gems/ruby-2.2.2/gems/sidekiq-4.2.9/lib/sidekiq/middleware/server/logging.rb:7:in `call'
/usr/local/rvm/gems/ruby-2.2.2/gems/sidekiq-4.2.9/lib/sidekiq/middleware/chain.rb:130:in `block in invoke'
/usr/local/rvm/gems/ruby-2.2.2/gems/sidekiq-4.2.9/lib/sidekiq/middleware/chain.rb:133:in `call'
/usr/local/rvm/gems/ruby-2.2.2/gems/sidekiq-4.2.9/lib/sidekiq/middleware/chain.rb:133:in `invoke'
/usr/local/rvm/gems/ruby-2.2.2/gems/sidekiq-4.2.9/lib/sidekiq/processor.rb:132:in `block (2 levels) in process'
/usr/local/rvm/gems/ruby-2.2.2/gems/sidekiq-4.2.9/lib/sidekiq/processor.rb:174:in `stats'
/usr/local/rvm/gems/ruby-2.2.2/gems/sidekiq-4.2.9/lib/sidekiq/processor.rb:131:in `block in process'
/usr/local/rvm/gems/ruby-2.2.2/gems/sidekiq-4.2.9/lib/sidekiq/rails.rb:106:in `block in call'
/usr/local/rvm/gems/ruby-2.2.2/gems/activesupport-5.0.4/lib/active_support/execution_wrapper.rb:85:in `wrap'
/usr/local/rvm/gems/ruby-2.2.2/gems/activesupport-5.0.4/lib/active_support/reloader.rb:68:in `block in wrap'
/usr/local/rvm/gems/ruby-2.2.2/gems/activesupport-5.0.4/lib/active_support/execution_wrapper.rb:85:in `wrap'
/usr/local/rvm/gems/ruby-2.2.2/gems/activesupport-5.0.4/lib/active_support/reloader.rb:67:in `wrap'
/usr/local/rvm/gems/ruby-2.2.2/gems/sidekiq-4.2.9/lib/sidekiq/rails.rb:105:in `call'
/usr/local/rvm/gems/ruby-2.2.2/gems/sidekiq-4.2.9/lib/sidekiq/processor.rb:126:in `process'
/usr/local/rvm/gems/ruby-2.2.2/gems/sidekiq-4.2.9/lib/sidekiq/processor.rb:82:in `process_one'
/usr/local/rvm/gems/ruby-2.2.2/gems/sidekiq-4.2.9/lib/sidekiq/processor.rb:70:in `run'
/usr/local/rvm/gems/ruby-2.2.2/gems/sidekiq-4.2.9/lib/sidekiq/util.rb:17:in `watchdog'
/usr/local/rvm/gems/ruby-2.2.2/gems/sidekiq-4.2.9/lib/sidekiq/util.rb:26:in `block in safe_thread'
2017-08-03T19:46:20.345Z 4025 TID-l90uk ScanSitesWorker JID-dab61da552764b4fea02339a INFO: start
2017-08-03T19:46:20.404Z 4025 TID-l90uk ScanSitesWorker JID-dab61da552764b4fea02339a INFO: fail: 0.059 sec
2017-08-03T19:46:20.405Z 4025 TID-l90uk WARN: {"context":"Job raised exception","job":{"class":"ScanSitesWorker","args":["yandex",8],"retry":true,"queue":"default","jid":"dab61da552764b4fea02339a","created_at":1501789478.3419719,"enqueued_at":1501789580.3441925,"error_message":"undefined local variable or method `full_url' for ScanPhoneEmailService:Module","error_class":"NameError","failed_at":1501789539.9752316,"retry_count":1,"retried_at":1501789580.4038105},"jobstr":"{\"class\":\"ScanSitesWorker\",\"args\":[\"yandex\",8],\"retry\":true,\"queue\":\"default\",\"jid\":\"dab61da552764b4fea02339a\",\"created_at\":1501789478.3419719,\"enqueued_at\":1501789580.3441925,\"error_message\":\"undefined local variable or method `full_url' for ScanPhoneEmailService:Module\",\"error_class\":\"NameError\",\"failed_at\":1501789539.9752316,\"retry_count\":0}"}
2017-08-03T19:46:20.405Z 4025 TID-l90uk WARN: NameError: undefined local variable or method `full_url' for ScanPhoneEmailService:Module
2017-08-03T19:46:20.405Z 4025 TID-l90uk WARN: /usr/local/market_tools/mt/app/services/scan_phone_email_service.rb:20:in `rescue in find_email_on_site'
/usr/local/market_tools/mt/app/services/scan_phone_email_service.rb:14:in `find_email_on_site'
/usr/local/market_tools/mt/app/services/scan_phone_email_service.rb:7:in `block in call'
/usr/local/rvm/gems/ruby-2.2.2/gems/activerecord-5.0.4/lib/active_record/relation/batches.rb:59:in `block (2 levels) in find_each'
/usr/local/rvm/gems/ruby-2.2.2/gems/activerecord-5.0.4/lib/active_record/relation/batches.rb:59:in `each'
/usr/local/rvm/gems/ruby-2.2.2/gems/activerecord-5.0.4/lib/active_record/relation/batches.rb:59:in `block in find_each'
/usr/local/rvm/gems/ruby-2.2.2/gems/activerecord-5.0.4/lib/active_record/relation/batches.rb:121:in `block in find_in_batches'
/usr/local/rvm/gems/ruby-2.2.2/gems/activerecord-5.0.4/lib/active_record/relation/batches.rb:214:in `block in in_batches'
/usr/local/rvm/gems/ruby-2.2.2/gems/activerecord-5.0.4/lib/active_record/relation/batches.rb:198:in `loop'
/usr/local/rvm/gems/ruby-2.2.2/gems/activerecord-5.0.4/lib/active_record/relation/batches.rb:198:in `in_batches'
/usr/local/rvm/gems/ruby-2.2.2/gems/activerecord-5.0.4/lib/active_record/relation/batches.rb:120:in `find_in_batches'
/usr/local/rvm/gems/ruby-2.2.2/gems/activerecord-5.0.4/lib/active_record/relation/batches.rb:58:in `find_each'
/usr/local/market_tools/mt/app/services/scan_phone_email_service.rb:6:in `call'
/usr/local/market_tools/mt/app/workers/scan_sites_worker.rb:5:in `perform'
/usr/local/rvm/gems/ruby-2.2.2/gems/sidekiq-4.2.9/lib/sidekiq/processor.rb:158:in `execute_job'
/usr/local/rvm/gems/ruby-2.2.2/gems/sidekiq-4.2.9/lib/sidekiq/processor.rb:138:in `block (4 levels) in process'
/usr/local/rvm/gems/ruby-2.2.2/gems/sidekiq-4.2.9/lib/sidekiq.rb:36:in `call'
/usr/local/rvm/gems/ruby-2.2.2/gems/sidekiq-4.2.9/lib/sidekiq.rb:36:in `block in <module:Sidekiq>'
/usr/local/rvm/gems/ruby-2.2.2/gems/sidekiq-4.2.9/lib/sidekiq/processor.rb:133:in `call'
/usr/local/rvm/gems/ruby-2.2.2/gems/sidekiq-4.2.9/lib/sidekiq/processor.rb:133:in `block (3 levels) in process'
/usr/local/rvm/gems/ruby-2.2.2/gems/sidekiq-4.2.9/lib/sidekiq/middleware/chain.rb:128:in `block in invoke'
/usr/local/rvm/gems/ruby-2.2.2/gems/sidekiq-4.2.9/lib/sidekiq/middleware/server/retry_jobs.rb:74:in `call'
/usr/local/rvm/gems/ruby-2.2.2/gems/sidekiq-4.2.9/lib/sidekiq/middleware/chain.rb:130:in `block in invoke'
/usr/local/rvm/gems/ruby-2.2.2/gems/sidekiq-4.2.9/lib/sidekiq/middleware/server/logging.rb:11:in `block in call'
/usr/local/rvm/gems/ruby-2.2.2/gems/sidekiq-4.2.9/lib/sidekiq/logging.rb:32:in `with_context'
/usr/local/rvm/gems/ruby-2.2.2/gems/sidekiq-4.2.9/lib/sidekiq/middleware/server/logging.rb:7:in `call'
/usr/local/rvm/gems/ruby-2.2.2/gems/sidekiq-4.2.9/lib/sidekiq/middleware/chain.rb:130:in `block in invoke'
/usr/local/rvm/gems/ruby-2.2.2/gems/sidekiq-4.2.9/lib/sidekiq/middleware/chain.rb:133:in `call'
/usr/local/rvm/gems/ruby-2.2.2/gems/sidekiq-4.2.9/lib/sidekiq/middleware/chain.rb:133:in `invoke'
/usr/local/rvm/gems/ruby-2.2.2/gems/sidekiq-4.2.9/lib/sidekiq/processor.rb:132:in `block (2 levels) in process'
/usr/local/rvm/gems/ruby-2.2.2/gems/sidekiq-4.2.9/lib/sidekiq/processor.rb:174:in `stats'
/usr/local/rvm/gems/ruby-2.2.2/gems/sidekiq-4.2.9/lib/sidekiq/processor.rb:131:in `block in process'
/usr/local/rvm/gems/ruby-2.2.2/gems/sidekiq-4.2.9/lib/sidekiq/rails.rb:106:in `block in call'
/usr/local/rvm/gems/ruby-2.2.2/gems/activesupport-5.0.4/lib/active_support/execution_wrapper.rb:85:in `wrap'
/usr/local/rvm/gems/ruby-2.2.2/gems/activesupport-5.0.4/lib/active_support/reloader.rb:68:in `block in wrap'
/usr/local/rvm/gems/ruby-2.2.2/gems/activesupport-5.0.4/lib/active_support/execution_wrapper.rb:85:in `wrap'
/usr/local/rvm/gems/ruby-2.2.2/gems/activesupport-5.0.4/lib/active_support/reloader.rb:67:in `wrap'
/usr/local/rvm/gems/ruby-2.2.2/gems/sidekiq-4.2.9/lib/sidekiq/rails.rb:105:in `call'
/usr/local/rvm/gems/ruby-2.2.2/gems/sidekiq-4.2.9/lib/sidekiq/processor.rb:126:in `process'
/usr/local/rvm/gems/ruby-2.2.2/gems/sidekiq-4.2.9/lib/sidekiq/processor.rb:82:in `process_one'
/usr/local/rvm/gems/ruby-2.2.2/gems/sidekiq-4.2.9/lib/sidekiq/processor.rb:70:in `run'
/usr/local/rvm/gems/ruby-2.2.2/gems/sidekiq-4.2.9/lib/sidekiq/util.rb:17:in `watchdog'
/usr/local/rvm/gems/ruby-2.2.2/gems/sidekiq-4.2.9/lib/sidekiq/util.rb:26:in `block in safe_thread'
2017-08-03T19:47:30.305Z 4025 TID-l83zs ScanSitesWorker JID-dab61da552764b4fea02339a INFO: start
2017-08-03T19:47:30.334Z 4025 TID-l83zs ScanSitesWorker JID-dab61da552764b4fea02339a INFO: fail: 0.028 sec
2017-08-03T19:47:30.334Z 4025 TID-l83zs WARN: {"context":"Job raised exception","job":{"class":"ScanSitesWorker","args":["yandex",8],"retry":true,"queue":"default","jid":"dab61da552764b4fea02339a","created_at":1501789478.3419719,"enqueued_at":1501789650.3045228,"error_message":"undefined local variable or method `full_url' for ScanPhoneEmailService:Module","error_class":"NameError","failed_at":1501789539.9752316,"retry_count":2,"retried_at":1501789650.3333395},"jobstr":"{\"class\":\"ScanSitesWorker\",\"args\":[\"yandex\",8],\"retry\":true,\"queue\":\"default\",\"jid\":\"dab61da552764b4fea02339a\",\"created_at\":1501789478.3419719,\"enqueued_at\":1501789650.3045228,\"error_message\":\"undefined local variable or method `full_url' for ScanPhoneEmailService:Module\",\"error_class\":\"NameError\",\"failed_at\":1501789539.9752316,\"retry_count\":1,\"retried_at\":1501789580.4038105}"}
2017-08-03T19:47:30.334Z 4025 TID-l83zs WARN: NameError: undefined local variable or method `full_url' for ScanPhoneEmailService:Module
2017-08-03T19:47:30.334Z 4025 TID-l83zs WARN: /usr/local/market_tools/mt/app/services/scan_phone_email_service.rb:20:in `rescue in find_email_on_site'
/usr/local/market_tools/mt/app/services/scan_phone_email_service.rb:14:in `find_email_on_site'
/usr/local/market_tools/mt/app/services/scan_phone_email_service.rb:7:in `block in call'
/usr/local/rvm/gems/ruby-2.2.2/gems/activerecord-5.0.4/lib/active_record/relation/batches.rb:59:in `block (2 levels) in find_each'
/usr/local/rvm/gems/ruby-2.2.2/gems/activerecord-5.0.4/lib/active_record/relation/batches.rb:59:in `each'
/usr/local/rvm/gems/ruby-2.2.2/gems/activerecord-5.0.4/lib/active_record/relation/batches.rb:59:in `block in find_each'
/usr/local/rvm/gems/ruby-2.2.2/gems/activerecord-5.0.4/lib/active_record/relation/batches.rb:121:in `block in find_in_batches'
/usr/local/rvm/gems/ruby-2.2.2/gems/activerecord-5.0.4/lib/active_record/relation/batches.rb:214:in `block in in_batches'
/usr/local/rvm/gems/ruby-2.2.2/gems/activerecord-5.0.4/lib/active_record/relation/batches.rb:198:in `loop'
/usr/local/rvm/gems/ruby-2.2.2/gems/activerecord-5.0.4/lib/active_record/relation/batches.rb:198:in `in_batches'
/usr/local/rvm/gems/ruby-2.2.2/gems/activerecord-5.0.4/lib/active_record/relation/batches.rb:120:in `find_in_batches'
/usr/local/rvm/gems/ruby-2.2.2/gems/activerecord-5.0.4/lib/active_record/relation/batches.rb:58:in `find_each'
/usr/local/market_tools/mt/app/services/scan_phone_email_service.rb:6:in `call'
/usr/local/market_tools/mt/app/workers/scan_sites_worker.rb:5:in `perform'
/usr/local/rvm/gems/ruby-2.2.2/gems/sidekiq-4.2.9/lib/sidekiq/processor.rb:158:in `execute_job'
/usr/local/rvm/gems/ruby-2.2.2/gems/sidekiq-4.2.9/lib/sidekiq/processor.rb:138:in `block (4 levels) in process'
/usr/local/rvm/gems/ruby-2.2.2/gems/sidekiq-4.2.9/lib/sidekiq.rb:36:in `call'
/usr/local/rvm/gems/ruby-2.2.2/gems/sidekiq-4.2.9/lib/sidekiq.rb:36:in `block in <module:Sidekiq>'
/usr/local/rvm/gems/ruby-2.2.2/gems/sidekiq-4.2.9/lib/sidekiq/processor.rb:133:in `call'
/usr/local/rvm/gems/ruby-2.2.2/gems/sidekiq-4.2.9/lib/sidekiq/processor.rb:133:in `block (3 levels) in process'
/usr/local/rvm/gems/ruby-2.2.2/gems/sidekiq-4.2.9/lib/sidekiq/middleware/chain.rb:128:in `block in invoke'
/usr/local/rvm/gems/ruby-2.2.2/gems/sidekiq-4.2.9/lib/sidekiq/middleware/server/retry_jobs.rb:74:in `call'
/usr/local/rvm/gems/ruby-2.2.2/gems/sidekiq-4.2.9/lib/sidekiq/middleware/chain.rb:130:in `block in invoke'
/usr/local/rvm/gems/ruby-2.2.2/gems/sidekiq-4.2.9/lib/sidekiq/middleware/server/logging.rb:11:in `block in call'
/usr/local/rvm/gems/ruby-2.2.2/gems/sidekiq-4.2.9/lib/sidekiq/logging.rb:32:in `with_context'
/usr/local/rvm/gems/ruby-2.2.2/gems/sidekiq-4.2.9/lib/sidekiq/middleware/server/logging.rb:7:in `call'
/usr/local/rvm/gems/ruby-2.2.2/gems/sidekiq-4.2.9/lib/sidekiq/middleware/chain.rb:130:in `block in invoke'
/usr/local/rvm/gems/ruby-2.2.2/gems/sidekiq-4.2.9/lib/sidekiq/middleware/chain.rb:133:in `call'
/usr/local/rvm/gems/ruby-2.2.2/gems/sidekiq-4.2.9/lib/sidekiq/middleware/chain.rb:133:in `invoke'
/usr/local/rvm/gems/ruby-2.2.2/gems/sidekiq-4.2.9/lib/sidekiq/processor.rb:132:in `block (2 levels) in process'
/usr/local/rvm/gems/ruby-2.2.2/gems/sidekiq-4.2.9/lib/sidekiq/processor.rb:174:in `stats'
/usr/local/rvm/gems/ruby-2.2.2/gems/sidekiq-4.2.9/lib/sidekiq/processor.rb:131:in `block in process'
/usr/local/rvm/gems/ruby-2.2.2/gems/sidekiq-4.2.9/lib/sidekiq/rails.rb:106:in `block in call'
/usr/local/rvm/gems/ruby-2.2.2/gems/activesupport-5.0.4/lib/active_support/execution_wrapper.rb:85:in `wrap'
/usr/local/rvm/gems/ruby-2.2.2/gems/activesupport-5.0.4/lib/active_support/reloader.rb:68:in `block in wrap'
/usr/local/rvm/gems/ruby-2.2.2/gems/activesupport-5.0.4/lib/active_support/execution_wrapper.rb:85:in `wrap'
/usr/local/rvm/gems/ruby-2.2.2/gems/activesupport-5.0.4/lib/active_support/reloader.rb:67:in `wrap'
/usr/local/rvm/gems/ruby-2.2.2/gems/sidekiq-4.2.9/lib/sidekiq/rails.rb:105:in `call'
/usr/local/rvm/gems/ruby-2.2.2/gems/sidekiq-4.2.9/lib/sidekiq/processor.rb:126:in `process'
/usr/local/rvm/gems/ruby-2.2.2/gems/sidekiq-4.2.9/lib/sidekiq/processor.rb:82:in `process_one'
/usr/local/rvm/gems/ruby-2.2.2/gems/sidekiq-4.2.9/lib/sidekiq/processor.rb:70:in `run'
/usr/local/rvm/gems/ruby-2.2.2/gems/sidekiq-4.2.9/lib/sidekiq/util.rb:17:in `watchdog'
/usr/local/rvm/gems/ruby-2.2.2/gems/sidekiq-4.2.9/lib/sidekiq/util.rb:26:in `block in safe_thread'
2017-08-03T19:49:03.786Z 4025 TID-l958c ScanSitesWorker JID-dab61da552764b4fea02339a INFO: start
2017-08-03T19:49:03.814Z 4025 TID-l958c ScanSitesWorker JID-dab61da552764b4fea02339a INFO: fail: 0.028 sec
2017-08-03T19:49:03.814Z 4025 TID-l958c WARN: {"context":"Job raised exception","job":{"class":"ScanSitesWorker","args":["yandex",8],"retry":true,"queue":"default","jid":"dab61da552764b4fea02339a","created_at":1501789478.3419719,"enqueued_at":1501789743.7843509,"error_message":"undefined local variable or method `full_url' for ScanPhoneEmailService:Module","error_class":"NameError","failed_at":1501789539.9752316,"retry_count":3,"retried_at":1501789743.8134177},"jobstr":"{\"class\":\"ScanSitesWorker\",\"args\":[\"yandex\",8],\"retry\":true,\"queue\":\"default\",\"jid\":\"dab61da552764b4fea02339a\",\"created_at\":1501789478.3419719,\"enqueued_at\":1501789743.7843509,\"error_message\":\"undefined local variable or method `full_url' for ScanPhoneEmailService:Module\",\"error_class\":\"NameError\",\"failed_at\":1501789539.9752316,\"retry_count\":2,\"retried_at\":1501789650.3333395}"}
2017-08-03T19:49:03.814Z 4025 TID-l958c WARN: NameError: undefined local variable or method `full_url' for ScanPhoneEmailService:Module
2017-08-03T19:49:03.814Z 4025 TID-l958c WARN: /usr/local/market_tools/mt/app/services/scan_phone_email_service.rb:20:in `rescue in find_email_on_site'
/usr/local/market_tools/mt/app/services/scan_phone_email_service.rb:14:in `find_email_on_site'
/usr/local/market_tools/mt/app/services/scan_phone_email_service.rb:7:in `block in call'
/usr/local/rvm/gems/ruby-2.2.2/gems/activerecord-5.0.4/lib/active_record/relation/batches.rb:59:in `block (2 levels) in find_each'
/usr/local/rvm/gems/ruby-2.2.2/gems/activerecord-5.0.4/lib/active_record/relation/batches.rb:59:in `each'
/usr/local/rvm/gems/ruby-2.2.2/gems/activerecord-5.0.4/lib/active_record/relation/batches.rb:59:in `block in find_each'
/usr/local/rvm/gems/ruby-2.2.2/gems/activerecord-5.0.4/lib/active_record/relation/batches.rb:121:in `block in find_in_batches'
/usr/local/rvm/gems/ruby-2.2.2/gems/activerecord-5.0.4/lib/active_record/relation/batches.rb:214:in `block in in_batches'
/usr/local/rvm/gems/ruby-2.2.2/gems/activerecord-5.0.4/lib/active_record/relation/batches.rb:198:in `loop'
/usr/local/rvm/gems/ruby-2.2.2/gems/activerecord-5.0.4/lib/active_record/relation/batches.rb:198:in `in_batches'
/usr/local/rvm/gems/ruby-2.2.2/gems/activerecord-5.0.4/lib/active_record/relation/batches.rb:120:in `find_in_batches'
/usr/local/rvm/gems/ruby-2.2.2/gems/activerecord-5.0.4/lib/active_record/relation/batches.rb:58:in `find_each'
/usr/local/market_tools/mt/app/services/scan_phone_email_service.rb:6:in `call'
/usr/local/market_tools/mt/app/workers/scan_sites_worker.rb:5:in `perform'
/usr/local/rvm/gems/ruby-2.2.2/gems/sidekiq-4.2.9/lib/sidekiq/processor.rb:158:in `execute_job'
/usr/local/rvm/gems/ruby-2.2.2/gems/sidekiq-4.2.9/lib/sidekiq/processor.rb:138:in `block (4 levels) in process'
/usr/local/rvm/gems/ruby-2.2.2/gems/sidekiq-4.2.9/lib/sidekiq.rb:36:in `call'
/usr/local/rvm/gems/ruby-2.2.2/gems/sidekiq-4.2.9/lib/sidekiq.rb:36:in `block in <module:Sidekiq>'
/usr/local/rvm/gems/ruby-2.2.2/gems/sidekiq-4.2.9/lib/sidekiq/processor.rb:133:in `call'
/usr/local/rvm/gems/ruby-2.2.2/gems/sidekiq-4.2.9/lib/sidekiq/processor.rb:133:in `block (3 levels) in process'
/usr/local/rvm/gems/ruby-2.2.2/gems/sidekiq-4.2.9/lib/sidekiq/middleware/chain.rb:128:in `block in invoke'
/usr/local/rvm/gems/ruby-2.2.2/gems/sidekiq-4.2.9/lib/sidekiq/middleware/server/retry_jobs.rb:74:in `call'
/usr/local/rvm/gems/ruby-2.2.2/gems/sidekiq-4.2.9/lib/sidekiq/middleware/chain.rb:130:in `block in invoke'
/usr/local/rvm/gems/ruby-2.2.2/gems/sidekiq-4.2.9/lib/sidekiq/middleware/server/logging.rb:11:in `block in call'
/usr/local/rvm/gems/ruby-2.2.2/gems/sidekiq-4.2.9/lib/sidekiq/logging.rb:32:in `with_context'
/usr/local/rvm/gems/ruby-2.2.2/gems/sidekiq-4.2.9/lib/sidekiq/middleware/server/logging.rb:7:in `call'
/usr/local/rvm/gems/ruby-2.2.2/gems/sidekiq-4.2.9/lib/sidekiq/middleware/chain.rb:130:in `block in invoke'
/usr/local/rvm/gems/ruby-2.2.2/gems/sidekiq-4.2.9/lib/sidekiq/middleware/chain.rb:133:in `call'
/usr/local/rvm/gems/ruby-2.2.2/gems/sidekiq-4.2.9/lib/sidekiq/middleware/chain.rb:133:in `invoke'
/usr/local/rvm/gems/ruby-2.2.2/gems/sidekiq-4.2.9/lib/sidekiq/processor.rb:132:in `block (2 levels) in process'
/usr/local/rvm/gems/ruby-2.2.2/gems/sidekiq-4.2.9/lib/sidekiq/processor.rb:174:in `stats'
/usr/local/rvm/gems/ruby-2.2.2/gems/sidekiq-4.2.9/lib/sidekiq/processor.rb:131:in `block in process'
/usr/local/rvm/gems/ruby-2.2.2/gems/sidekiq-4.2.9/lib/sidekiq/rails.rb:106:in `block in call'
/usr/local/rvm/gems/ruby-2.2.2/gems/activesupport-5.0.4/lib/active_support/execution_wrapper.rb:85:in `wrap'
/usr/local/rvm/gems/ruby-2.2.2/gems/activesupport-5.0.4/lib/active_support/reloader.rb:68:in `block in wrap'
/usr/local/rvm/gems/ruby-2.2.2/gems/activesupport-5.0.4/lib/active_support/execution_wrapper.rb:85:in `wrap'
/usr/local/rvm/gems/ruby-2.2.2/gems/activesupport-5.0.4/lib/active_support/reloader.rb:67:in `wrap'
/usr/local/rvm/gems/ruby-2.2.2/gems/sidekiq-4.2.9/lib/sidekiq/rails.rb:105:in `call'
/usr/local/rvm/gems/ruby-2.2.2/gems/sidekiq-4.2.9/lib/sidekiq/processor.rb:126:in `process'
/usr/local/rvm/gems/ruby-2.2.2/gems/sidekiq-4.2.9/lib/sidekiq/processor.rb:82:in `process_one'
/usr/local/rvm/gems/ruby-2.2.2/gems/sidekiq-4.2.9/lib/sidekiq/processor.rb:70:in `run'
/usr/local/rvm/gems/ruby-2.2.2/gems/sidekiq-4.2.9/lib/sidekiq/util.rb:17:in `watchdog'
/usr/local/rvm/gems/ruby-2.2.2/gems/sidekiq-4.2.9/lib/sidekiq/util.rb:26:in `block in safe_thread'
2017-08-03T19:51:25.069Z 4025 TID-j8qkc ScanSitesWorker JID-dab61da552764b4fea02339a INFO: start
2017-08-03T19:51:25.102Z 4025 TID-j8qkc ScanSitesWorker JID-dab61da552764b4fea02339a INFO: fail: 0.034 sec
2017-08-03T19:51:25.103Z 4025 TID-j8qkc WARN: {"context":"Job raised exception","job":{"class":"ScanSitesWorker","args":["yandex",8],"retry":true,"queue":"default","jid":"dab61da552764b4fea02339a","created_at":1501789478.3419719,"enqueued_at":1501789885.067653,"error_message":"undefined local variable or method `full_url' for ScanPhoneEmailService:Module","error_class":"NameError","failed_at":1501789539.9752316,"retry_count":4,"retried_at":1501789885.1020172},"jobstr":"{\"class\":\"ScanSitesWorker\",\"args\":[\"yandex\",8],\"retry\":true,\"queue\":\"default\",\"jid\":\"dab61da552764b4fea02339a\",\"created_at\":1501789478.3419719,\"enqueued_at\":1501789885.067653,\"error_message\":\"undefined local variable or method `full_url' for ScanPhoneEmailService:Module\",\"error_class\":\"NameError\",\"failed_at\":1501789539.9752316,\"retry_count\":3,\"retried_at\":1501789743.8134177}"}
2017-08-03T19:51:25.103Z 4025 TID-j8qkc WARN: NameError: undefined local variable or method `full_url' for ScanPhoneEmailService:Module
2017-08-03T19:51:25.103Z 4025 TID-j8qkc WARN: /usr/local/market_tools/mt/app/services/scan_phone_email_service.rb:20:in `rescue in find_email_on_site'
/usr/local/market_tools/mt/app/services/scan_phone_email_service.rb:14:in `find_email_on_site'
/usr/local/market_tools/mt/app/services/scan_phone_email_service.rb:7:in `block in call'
/usr/local/rvm/gems/ruby-2.2.2/gems/activerecord-5.0.4/lib/active_record/relation/batches.rb:59:in `block (2 levels) in find_each'
/usr/local/rvm/gems/ruby-2.2.2/gems/activerecord-5.0.4/lib/active_record/relation/batches.rb:59:in `each'
/usr/local/rvm/gems/ruby-2.2.2/gems/activerecord-5.0.4/lib/active_record/relation/batches.rb:59:in `block in find_each'
/usr/local/rvm/gems/ruby-2.2.2/gems/activerecord-5.0.4/lib/active_record/relation/batches.rb:121:in `block in find_in_batches'
/usr/local/rvm/gems/ruby-2.2.2/gems/activerecord-5.0.4/lib/active_record/relation/batches.rb:214:in `block in in_batches'
/usr/local/rvm/gems/ruby-2.2.2/gems/activerecord-5.0.4/lib/active_record/relation/batches.rb:198:in `loop'
/usr/local/rvm/gems/ruby-2.2.2/gems/activerecord-5.0.4/lib/active_record/relation/batches.rb:198:in `in_batches'
/usr/local/rvm/gems/ruby-2.2.2/gems/activerecord-5.0.4/lib/active_record/relation/batches.rb:120:in `find_in_batches'
/usr/local/rvm/gems/ruby-2.2.2/gems/activerecord-5.0.4/lib/active_record/relation/batches.rb:58:in `find_each'
/usr/local/market_tools/mt/app/services/scan_phone_email_service.rb:6:in `call'
/usr/local/market_tools/mt/app/workers/scan_sites_worker.rb:5:in `perform'
/usr/local/rvm/gems/ruby-2.2.2/gems/sidekiq-4.2.9/lib/sidekiq/processor.rb:158:in `execute_job'
/usr/local/rvm/gems/ruby-2.2.2/gems/sidekiq-4.2.9/lib/sidekiq/processor.rb:138:in `block (4 levels) in process'
/usr/local/rvm/gems/ruby-2.2.2/gems/sidekiq-4.2.9/lib/sidekiq.rb:36:in `call'
/usr/local/rvm/gems/ruby-2.2.2/gems/sidekiq-4.2.9/lib/sidekiq.rb:36:in `block in <module:Sidekiq>'
/usr/local/rvm/gems/ruby-2.2.2/gems/sidekiq-4.2.9/lib/sidekiq/processor.rb:133:in `call'
/usr/local/rvm/gems/ruby-2.2.2/gems/sidekiq-4.2.9/lib/sidekiq/processor.rb:133:in `block (3 levels) in process'
/usr/local/rvm/gems/ruby-2.2.2/gems/sidekiq-4.2.9/lib/sidekiq/middleware/chain.rb:128:in `block in invoke'
/usr/local/rvm/gems/ruby-2.2.2/gems/sidekiq-4.2.9/lib/sidekiq/middleware/server/retry_jobs.rb:74:in `call'
/usr/local/rvm/gems/ruby-2.2.2/gems/sidekiq-4.2.9/lib/sidekiq/middleware/chain.rb:130:in `block in invoke'
/usr/local/rvm/gems/ruby-2.2.2/gems/sidekiq-4.2.9/lib/sidekiq/middleware/server/logging.rb:11:in `block in call'
/usr/local/rvm/gems/ruby-2.2.2/gems/sidekiq-4.2.9/lib/sidekiq/logging.rb:32:in `with_context'
/usr/local/rvm/gems/ruby-2.2.2/gems/sidekiq-4.2.9/lib/sidekiq/middleware/server/logging.rb:7:in `call'
/usr/local/rvm/gems/ruby-2.2.2/gems/sidekiq-4.2.9/lib/sidekiq/middleware/chain.rb:130:in `block in invoke'
/usr/local/rvm/gems/ruby-2.2.2/gems/sidekiq-4.2.9/lib/sidekiq/middleware/chain.rb:133:in `call'
/usr/local/rvm/gems/ruby-2.2.2/gems/sidekiq-4.2.9/lib/sidekiq/middleware/chain.rb:133:in `invoke'
/usr/local/rvm/gems/ruby-2.2.2/gems/sidekiq-4.2.9/lib/sidekiq/processor.rb:132:in `block (2 levels) in process'
/usr/local/rvm/gems/ruby-2.2.2/gems/sidekiq-4.2.9/lib/sidekiq/processor.rb:174:in `stats'
/usr/local/rvm/gems/ruby-2.2.2/gems/sidekiq-4.2.9/lib/sidekiq/processor.rb:131:in `block in process'
/usr/local/rvm/gems/ruby-2.2.2/gems/sidekiq-4.2.9/lib/sidekiq/rails.rb:106:in `block in call'
/usr/local/rvm/gems/ruby-2.2.2/gems/activesupport-5.0.4/lib/active_support/execution_wrapper.rb:85:in `wrap'
/usr/local/rvm/gems/ruby-2.2.2/gems/activesupport-5.0.4/lib/active_support/reloader.rb:68:in `block in wrap'
/usr/local/rvm/gems/ruby-2.2.2/gems/activesupport-5.0.4/lib/active_support/execution_wrapper.rb:85:in `wrap'
/usr/local/rvm/gems/ruby-2.2.2/gems/activesupport-5.0.4/lib/active_support/reloader.rb:67:in `wrap'
/usr/local/rvm/gems/ruby-2.2.2/gems/sidekiq-4.2.9/lib/sidekiq/rails.rb:105:in `call'
/usr/local/rvm/gems/ruby-2.2.2/gems/sidekiq-4.2.9/lib/sidekiq/processor.rb:126:in `process'
/usr/local/rvm/gems/ruby-2.2.2/gems/sidekiq-4.2.9/lib/sidekiq/processor.rb:82:in `process_one'
/usr/local/rvm/gems/ruby-2.2.2/gems/sidekiq-4.2.9/lib/sidekiq/processor.rb:70:in `run'
/usr/local/rvm/gems/ruby-2.2.2/gems/sidekiq-4.2.9/lib/sidekiq/util.rb:17:in `watchdog'
/usr/local/rvm/gems/ruby-2.2.2/gems/sidekiq-4.2.9/lib/sidekiq/util.rb:26:in `block in safe_thread'
2017-08-03T19:54:21.969Z 4025 TID-l8394 ScanSitesWorker JID-5cfd9888498e656a51851afe INFO: start
2017-08-03T20:04:37.181Z 4025 TID-l8394 ScanSitesWorker JID-5cfd9888498e656a51851afe INFO: done: 615.211 sec
2017-08-03T20:04:37.201Z 4025 TID-jl4ow ScanSitesWorker JID-53204fdb8611c509db6e598f INFO: start
2017-08-03T20:09:22.436Z 4025 TID-jl4ow ScanSitesWorker JID-53204fdb8611c509db6e598f INFO: done: 285.235 sec
2017-08-03T20:17:40.827Z 4025 TID-7tqxk ScanSitesWorker JID-ca7656d35c164ef094373d55 INFO: start
2017-08-03T20:18:29.521Z 4025 TID-7tqxk ScanSitesWorker JID-ca7656d35c164ef094373d55 INFO: done: 48.694 sec
2017-08-03T20:25:11.665Z 4025 TID-l914k DeliveryMailWorker JID-b07ef67887370aeaab1bd150 INFO: start
2017-08-04T05:03:01.551Z 4025 TID-l914k DeliveryMailWorker JID-b07ef67887370aeaab1bd150 INFO: done: 31069.886 sec
2017-08-04T07:51:25.771Z 4025 TID-j8a44 DeliveryMailWorker JID-f1ca057ec6e14a6bbc97487e INFO: start
2017-08-04T12:12:03.472Z 4025 TID-j8a44 DeliveryMailWorker JID-f1ca057ec6e14a6bbc97487e INFO: done: 15637.7 sec
